Spark Command: /usr/lib/jvm/java-8-openjdk-amd64/jre/bin/java -cp /opt/spark-2.3.4-bin-hadoop2.7/conf/:/opt/spark-2.3.4-bin-hadoop2.7/jars/* -Xmx1g org.apache.spark.deploy.master.Master --host fd49d8437dc6a7a54d4672d438e62b9a506a36d7-648777dfbc-ssrz8 --port 7077 --webui-port 8080
========================================
2023-07-23 00:08:57 INFO  Master:2612 - Started daemon with process name: 64735@fd49d8437dc6a7a54d4672d438e62b9a506a36d7-648777dfbc-ssrz8
2023-07-23 00:08:57 INFO  SignalUtils:54 - Registered signal handler for TERM
2023-07-23 00:08:57 INFO  SignalUtils:54 - Registered signal handler for HUP
2023-07-23 00:08:57 INFO  SignalUtils:54 - Registered signal handler for INT
2023-07-23 00:08:58 WARN  NativeCodeLoader:62 - Unable to load native-hadoop library for your platform... using builtin-java classes where applicable
2023-07-23 00:08:58 INFO  SecurityManager:54 - Changing view acls to: root
2023-07-23 00:08:58 INFO  SecurityManager:54 - Changing modify acls to: root
2023-07-23 00:08:58 INFO  SecurityManager:54 - Changing view acls groups to: 
2023-07-23 00:08:58 INFO  SecurityManager:54 - Changing modify acls groups to: 
2023-07-23 00:08:58 INFO  SecurityManager:54 - SecurityManager: authentication disabled; ui acls disabled; users  with view permissions: Set(root); groups with view permissions: Set(); users  with modify permissions: Set(root); groups with modify permissions: Set()
2023-07-23 00:08:58 INFO  Utils:54 - Successfully started service 'sparkMaster' on port 7077.
2023-07-23 00:08:59 INFO  Master:54 - Starting Spark master at spark://fd49d8437dc6a7a54d4672d438e62b9a506a36d7-648777dfbc-ssrz8:7077
2023-07-23 00:08:59 INFO  Master:54 - Running Spark version 2.3.4
2023-07-23 00:08:59 INFO  log:192 - Logging initialized @3520ms
2023-07-23 00:08:59 INFO  Server:351 - jetty-9.3.z-SNAPSHOT, build timestamp: unknown, git hash: unknown
2023-07-23 00:08:59 INFO  Server:419 - Started @3668ms
2023-07-23 00:08:59 INFO  AbstractConnector:278 - Started ServerConnector@8c7b344{HTTP/1.1,[http/1.1]}{0.0.0.0:8080}
2023-07-23 00:08:59 INFO  Utils:54 - Successfully started service 'MasterUI' on port 8080.
2023-07-23 00:08:59 INFO  ContextHandler:781 - Started o.s.j.s.ServletContextHandler@5642763{/app,null,AVAILABLE,@Spark}
2023-07-23 00:08:59 INFO  ContextHandler:781 - Started o.s.j.s.ServletContextHandler@fb4b15d{/app/json,null,AVAILABLE,@Spark}
2023-07-23 00:08:59 INFO  ContextHandler:781 - Started o.s.j.s.ServletContextHandler@6512b9be{/,null,AVAILABLE,@Spark}
2023-07-23 00:08:59 INFO  ContextHandler:781 - Started o.s.j.s.ServletContextHandler@13fa96e4{/json,null,AVAILABLE,@Spark}
2023-07-23 00:08:59 INFO  ContextHandler:781 - Started o.s.j.s.ServletContextHandler@396ee39f{/static,null,AVAILABLE,@Spark}
2023-07-23 00:08:59 INFO  ContextHandler:781 - Started o.s.j.s.ServletContextHandler@57291223{/app/kill,null,AVAILABLE,@Spark}
2023-07-23 00:08:59 INFO  ContextHandler:781 - Started o.s.j.s.ServletContextHandler@5697b0c0{/driver/kill,null,AVAILABLE,@Spark}
2023-07-23 00:08:59 INFO  MasterWebUI:54 - Bound MasterWebUI to 0.0.0.0, and started at http://fd49d8437dc6a7a54d4672d438e62b9a506a36d7-648777dfbc-ssrz8:8080
2023-07-23 00:08:59 INFO  Server:351 - jetty-9.3.z-SNAPSHOT, build timestamp: unknown, git hash: unknown
2023-07-23 00:08:59 INFO  ContextHandler:781 - Started o.s.j.s.ServletContextHandler@7499cf48{/,null,AVAILABLE}
2023-07-23 00:08:59 INFO  AbstractConnector:278 - Started ServerConnector@2c644c2f{HTTP/1.1,[http/1.1]}{fd49d8437dc6a7a54d4672d438e62b9a506a36d7-648777dfbc-ssrz8:6066}
2023-07-23 00:08:59 INFO  Server:419 - Started @3997ms
2023-07-23 00:08:59 INFO  Utils:54 - Successfully started service on port 6066.
2023-07-23 00:08:59 INFO  StandaloneRestServer:54 - Started REST server for submitting applications on port 6066
2023-07-23 00:09:00 INFO  ContextHandler:781 - Started o.s.j.s.ServletContextHandler@28b2f964{/metrics/master/json,null,AVAILABLE,@Spark}
2023-07-23 00:09:00 INFO  ContextHandler:781 - Started o.s.j.s.ServletContextHandler@7b258cde{/metrics/applications/json,null,AVAILABLE,@Spark}
2023-07-23 00:09:00 INFO  Master:54 - I have been elected leader! New state: ALIVE
