-------------------------------------------
Batch: 0
-------------------------------------------
+----------+--------------------+----------+---------+
|     phone|               email|  birthDay|birthYear|
+----------+--------------------+----------+---------+
|8015551212|Travis.Huey@test.com|1965-01-01|     1965|
|8015551212| Sean.Jones@test.com|1964-01-01|     1964|
|8015551212|Eric.Aristotle@te...|1963-01-01|     1963|
|8015551212|Santosh.Harris@te...|1962-01-01|     1962|
|8015551212|Jane.Jackson@test...|1961-01-01|     1961|
|8015551212|  Eric.Huey@test.com|1960-01-01|     1960|
|8015551212|Trevor.Staples@te...|1959-01-01|     1959|
|8015551212|    Sean.Wu@test.com|1958-01-01|     1958|
|8015551212|Trevor.Aristotle@...|1957-01-01|     1957|
|8015551212|Bobby.Ahmed@test.com|1956-01-01|     1956|
|8015551212|Larry.Olson@test.com|1955-01-01|     1955|
|8015551212|Neeraj.Jones@test...|1954-01-01|     1954|
|8015551212|Christina.Howard@...|1953-01-01|     1953|
|8015551212|Sean.Staples@test...|1952-01-01|     1952|
|8015551212|   Jason.Wu@test.com|1951-01-01|     1951|
|8015551212|Jason.Davis@test.com|1950-01-01|     1950|
|8015551212|Ben.Staples@test.com|1949-01-01|     1949|
|8015551212|Senthil.Clayton@t...|1948-01-01|     1948|
|8015551212|David.Phillips@te...|1947-01-01|     1947|
|8015551212|  Dan.Jones@test.com|1945-01-01|     1945|
+----------+--------------------+----------+---------+
only showing top 20 rows

-------------------------------------------
Batch: 1
-------------------------------------------
+-----+-----+--------+---------+
|phone|email|birthDay|birthYear|
+-----+-----+--------+---------+
+-----+-----+--------+---------+

-------------------------------------------
Batch: 2
-------------------------------------------
+----------+--------------------+----------+---------+
|     phone|               email|  birthDay|birthYear|
+----------+--------------------+----------+---------+
|8015551212|Sean.Habschied@te...|1964-01-01|     1964|
+----------+--------------------+----------+---------+

-------------------------------------------
Batch: 3
-------------------------------------------
+----------+--------------------+----------+---------+
|     phone|               email|  birthDay|birthYear|
+----------+--------------------+----------+---------+
|8015551212|David.Sanchez@tes...|1963-01-01|     1963|
|8015551212|Chris.Smith@test.com|1961-01-01|     1961|
|8015551212|Frank.Jackson@tes...|1960-01-01|     1960|
|8015551212|Neeraj.Olson@test...|1959-01-01|     1959|
|8015551212|Christina.Wu@test...|1958-01-01|     1958|
|8015551212| Jason.Huey@test.com|1957-01-01|     1957|
|8015551212|Ashley.Anderson@t...|1956-01-01|     1956|
|8015551212|Craig.Ahmed@test.com|1955-01-01|     1955|
|8015551212|Danny.Ahmed@test.com|1954-01-01|     1954|
|8015551212|Chris.Jones@test.com|1953-01-01|     1953|
|8015551212|Chris.Hansen@test...|1951-01-01|     1951|
|8015551212|Chris.Doshi@test.com|1950-01-01|     1950|
|8015551212|Santosh.Anandh@te...|1949-01-01|     1949|
|8015551212|Chris.Howard@test...|1948-01-01|     1948|
|8015551212|Danny.Howard@test...|1946-01-01|     1946|
|8015551212| Eric.Jones@test.com|1945-01-01|     1945|
|8015551212|Danny.Abram@test.com|1944-01-01|     1944|
|8015551212|Bobby.Mitra@test.com|1942-01-01|     1942|
|8015551212|Jacob.Sanchez@tes...|1940-01-01|     1940|
|8015551212| Angie.Huey@test.com|1939-01-01|     1939|
+----------+--------------------+----------+---------+
only showing top 20 rows

-------------------------------------------
Batch: 4
-------------------------------------------
+-----+-----+--------+---------+
|phone|email|birthDay|birthYear|
+-----+-----+--------+---------+
+-----+-----+--------+---------+

-------------------------------------------
Batch: 5
-------------------------------------------
+-----+-----+--------+---------+
|phone|email|birthDay|birthYear|
+-----+-----+--------+---------+
+-----+-----+--------+---------+

-------------------------------------------
Batch: 6
-------------------------------------------
+-----+-----+--------+---------+
|phone|email|birthDay|birthYear|
+-----+-----+--------+---------+
+-----+-----+--------+---------+

-------------------------------------------
Batch: 7
-------------------------------------------
+-----+-----+--------+---------+
|phone|email|birthDay|birthYear|
+-----+-----+--------+---------+
+-----+-----+--------+---------+

-------------------------------------------
Batch: 8
-------------------------------------------
+-----+-----+--------+---------+
|phone|email|birthDay|birthYear|
+-----+-----+--------+---------+
+-----+-----+--------+---------+

-------------------------------------------
Batch: 9
-------------------------------------------
+-----+-----+--------+---------+
|phone|email|birthDay|birthYear|
+-----+-----+--------+---------+
+-----+-----+--------+---------+

-------------------------------------------
Batch: 10
-------------------------------------------
+-----+-----+--------+---------+
|phone|email|birthDay|birthYear|
+-----+-----+--------+---------+
+-----+-----+--------+---------+

-------------------------------------------
Batch: 11
-------------------------------------------
+-----+-----+--------+---------+
|phone|email|birthDay|birthYear|
+-----+-----+--------+---------+
+-----+-----+--------+---------+

-------------------------------------------
Batch: 12
-------------------------------------------
+-----+-----+--------+---------+
|phone|email|birthDay|birthYear|
+-----+-----+--------+---------+
+-----+-----+--------+---------+

-------------------------------------------
Batch: 13
-------------------------------------------
+-----+-----+--------+---------+
|phone|email|birthDay|birthYear|
+-----+-----+--------+---------+
+-----+-----+--------+---------+

-------------------------------------------
Batch: 14
-------------------------------------------
+-----+-----+--------+---------+
|phone|email|birthDay|birthYear|
+-----+-----+--------+---------+
+-----+-----+--------+---------+

-------------------------------------------
Batch: 15
-------------------------------------------
+-----+-----+--------+---------+
|phone|email|birthDay|birthYear|
+-----+-----+--------+---------+
+-----+-----+--------+---------+

-------------------------------------------
Batch: 16
-------------------------------------------
+-----+-----+--------+---------+
|phone|email|birthDay|birthYear|
+-----+-----+--------+---------+
+-----+-----+--------+---------+

