Spark Command: /usr/lib/jvm/java-8-openjdk-amd64/jre/bin/java -cp /opt/spark-2.3.4-bin-hadoop2.7/conf/:/opt/spark-2.3.4-bin-hadoop2.7/jars/* -Xmx1g org.apache.spark.deploy.worker.Worker --webui-port 8081 spark://fd49d8437dc6a7a54d4672d438e62b9a506a36d7-648777dfbc-ssrz8:7077
========================================
2023-07-23 00:13:09 INFO  Worker:2612 - Started daemon with process name: 64877@fd49d8437dc6a7a54d4672d438e62b9a506a36d7-648777dfbc-ssrz8
2023-07-23 00:13:09 INFO  SignalUtils:54 - Registered signal handler for TERM
2023-07-23 00:13:09 INFO  SignalUtils:54 - Registered signal handler for HUP
2023-07-23 00:13:09 INFO  SignalUtils:54 - Registered signal handler for INT
2023-07-23 00:13:10 WARN  NativeCodeLoader:62 - Unable to load native-hadoop library for your platform... using builtin-java classes where applicable
2023-07-23 00:13:10 INFO  SecurityManager:54 - Changing view acls to: root
2023-07-23 00:13:10 INFO  SecurityManager:54 - Changing modify acls to: root
2023-07-23 00:13:10 INFO  SecurityManager:54 - Changing view acls groups to: 
2023-07-23 00:13:10 INFO  SecurityManager:54 - Changing modify acls groups to: 
2023-07-23 00:13:10 INFO  SecurityManager:54 - SecurityManager: authentication disabled; ui acls disabled; users  with view permissions: Set(root); groups with view permissions: Set(); users  with modify permissions: Set(root); groups with modify permissions: Set()
2023-07-23 00:13:10 INFO  Utils:54 - Successfully started service 'sparkWorker' on port 57317.
2023-07-23 00:13:11 INFO  Worker:54 - Starting Spark worker 10.56.17.78:57317 with 16 cores, 13.0 GB RAM
2023-07-23 00:13:11 INFO  Worker:54 - Running Spark version 2.3.4
2023-07-23 00:13:11 INFO  Worker:54 - Spark home: /opt/spark-2.3.4-bin-hadoop2.7
2023-07-23 00:13:11 INFO  log:192 - Logging initialized @3484ms
2023-07-23 00:13:11 INFO  Server:351 - jetty-9.3.z-SNAPSHOT, build timestamp: unknown, git hash: unknown
2023-07-23 00:13:11 INFO  Server:419 - Started @3583ms
2023-07-23 00:13:11 WARN  Utils:66 - Service 'WorkerUI' could not bind on port 8081. Attempting port 8082.
2023-07-23 00:13:11 WARN  Utils:66 - Service 'WorkerUI' could not bind on port 8082. Attempting port 8083.
2023-07-23 00:13:11 WARN  Utils:66 - Service 'WorkerUI' could not bind on port 8083. Attempting port 8084.
2023-07-23 00:13:11 INFO  AbstractConnector:278 - Started ServerConnector@47a350b7{HTTP/1.1,[http/1.1]}{0.0.0.0:8084}
2023-07-23 00:13:11 INFO  Utils:54 - Successfully started service 'WorkerUI' on port 8084.
2023-07-23 00:13:11 INFO  ContextHandler:781 - Started o.s.j.s.ServletContextHandler@3ebbd27d{/logPage,null,AVAILABLE,@Spark}
2023-07-23 00:13:11 INFO  ContextHandler:781 - Started o.s.j.s.ServletContextHandler@14a433a3{/logPage/json,null,AVAILABLE,@Spark}
2023-07-23 00:13:11 INFO  ContextHandler:781 - Started o.s.j.s.ServletContextHandler@58018e00{/,null,AVAILABLE,@Spark}
2023-07-23 00:13:11 INFO  ContextHandler:781 - Started o.s.j.s.ServletContextHandler@48b49eae{/json,null,AVAILABLE,@Spark}
2023-07-23 00:13:11 INFO  ContextHandler:781 - Started o.s.j.s.ServletContextHandler@7d389530{/static,null,AVAILABLE,@Spark}
2023-07-23 00:13:11 INFO  ContextHandler:781 - Started o.s.j.s.ServletContextHandler@6f0eedd6{/log,null,AVAILABLE,@Spark}
2023-07-23 00:13:11 INFO  WorkerWebUI:54 - Bound WorkerWebUI to 0.0.0.0, and started at http://fd49d8437dc6a7a54d4672d438e62b9a506a36d7-648777dfbc-ssrz8:8084
2023-07-23 00:13:11 INFO  Worker:54 - Connecting to master fd49d8437dc6a7a54d4672d438e62b9a506a36d7-648777dfbc-ssrz8:7077...
2023-07-23 00:13:11 INFO  ContextHandler:781 - Started o.s.j.s.ServletContextHandler@24183145{/metrics/json,null,AVAILABLE,@Spark}
2023-07-23 00:13:11 INFO  TransportClientFactory:267 - Successfully created connection to fd49d8437dc6a7a54d4672d438e62b9a506a36d7-648777dfbc-ssrz8/10.56.17.78:7077 after 179 ms (0 ms spent in bootstraps)
2023-07-23 00:13:12 INFO  Worker:54 - Successfully registered with master spark://fd49d8437dc6a7a54d4672d438e62b9a506a36d7-648777dfbc-ssrz8:7077
